#
# There is insufficient memory for the Java Runtime Environment to continue.
# Native memory allocation (malloc) failed to allocate 1144656 bytes for Chunk::new
# Possible reasons:
#   The system is out of physical RAM or swap space
#   In 32 bit mode, the process size limit was hit
# Possible solutions:
#   Reduce memory load on the system
#   Increase physical memory or swap space
#   Check if swap backing store is full
#   Use 64 bit Java on a 64 bit OS
#   Decrease Java heap size (-Xmx/-Xms)
#   Decrease number of Java threads
#   Decrease Java thread stack sizes (-Xss)
#   Set larger code cache with -XX:ReservedCodeCacheSize=
# This output file may be truncated or incomplete.
#
#  Out of Memory Error (allocation.cpp:390), pid=12568, tid=8472
#
# JRE version: Java(TM) SE Runtime Environment (8.0_60-b27) (build 1.8.0_60-b27)
# Java VM: Java HotSpot(TM) 64-Bit Server VM (25.60-b23 mixed mode windows-amd64 compressed oops)
# Failed to write core dump. Minidumps are not enabled by default on client versions of Windows
#

---------------  T H R E A D  ---------------

Current thread (0x0000000017c30800):  JavaThread "C2 CompilerThread2" daemon [_thread_in_native, id=8472, stack(0x0000000018400000,0x0000000018500000)]

Stack: [0x0000000018400000,0x0000000018500000]
[error occurred during error reporting (printing stack bounds), id 0xc0000005]

Native frames: (J=compiled Java code, j=interpreted, Vv=VM code, C=native code)


Current CompileTask:
C2:   8841 1757       4       com.android.dx.cf.code.Simulator$SimVisitor::visitConstant (332 bytes)


---------------  P R O C E S S  ---------------

Java Threads: ( => current thread )
  0x0000000017c3c000 JavaThread "Service Thread" daemon [_thread_blocked, id=2572, stack(0x0000000018600000,0x0000000018700000)]
  0x0000000017c36000 JavaThread "C1 CompilerThread3" daemon [_thread_blocked, id=8108, stack(0x0000000018500000,0x0000000018600000)]
=>0x0000000017c30800 JavaThread "C2 CompilerThread2" daemon [_thread_in_native, id=8472, stack(0x0000000018400000,0x0000000018500000)]
  0x0000000017c2e800 JavaThread "C2 CompilerThread1" daemon [_thread_in_native, id=9644, stack(0x0000000018300000,0x0000000018400000)]
  0x0000000017c29000 JavaThread "C2 CompilerThread0" daemon [_thread_in_native, id=3800, stack(0x0000000018200000,0x0000000018300000)]
  0x0000000017c26800 JavaThread "Attach Listener" daemon [_thread_blocked, id=4504, stack(0x0000000018100000,0x0000000018200000)]
  0x0000000017c25800 JavaThread "Signal Dispatcher" daemon [_thread_blocked, id=7892, stack(0x0000000018000000,0x0000000018100000)]
  0x00000000030f9800 JavaThread "Finalizer" daemon [_thread_blocked, id=12124, stack(0x0000000017b00000,0x0000000017c00000)]
  0x0000000015c1d800 JavaThread "Reference Handler" daemon [_thread_blocked, id=3924, stack(0x0000000017a00000,0x0000000017b00000)]
  0x0000000002d8e000 JavaThread "main" [_thread_in_Java, id=2056, stack(0x0000000002f00000,0x0000000003000000)]

Other Threads:
  0x0000000015c19000 VMThread [stack: 0x0000000017900000,0x0000000017a00000] [id=13000]
  0x0000000017ccd800 WatcherThread [stack: 0x0000000018700000,0x0000000018800000] [id=6392]

VM state:not at safepoint (normal execution)

VM Mutex/Monitor currently owned by a thread: None

Heap:
 PSYoungGen      total 71680K, used 64391K [0x00000000eab00000, 0x00000000ef600000, 0x0000000100000000)
  eden space 66560K, 89% used [0x00000000eab00000,0x00000000ee4e80e0,0x00000000eec00000)
  from space 5120K, 99% used [0x00000000ef100000,0x00000000ef5f9c88,0x00000000ef600000)
  to   space 5120K, 0% used [0x00000000eec00000,0x00000000eec00000,0x00000000ef100000)
 ParOldGen       total 87552K, used 6287K [0x00000000c0000000, 0x00000000c5580000, 0x00000000eab00000)
  object space 87552K, 7% used [0x00000000c0000000,0x00000000c0623da0,0x00000000c5580000)
 Metaspace       used 6002K, capacity 7088K, committed 7296K, reserved 1056768K
  class space    used 585K, capacity 616K, committed 640K, reserved 1048576K

Card table byte_map: [0x00000000124c0000,0x00000000126d0000] byte_map_base: 0x0000000011ec0000

Marking Bits: (ParMarkBitMap*) 0x00000000588ea5b0
 Begin Bits: [0x0000000013030000, 0x0000000014030000)
 End Bits:   [0x0000000014030000, 0x0000000015030000)

Polling page: 0x00000000014b0000

CodeCache: size=245760Kb used=8918Kb max_used=8918Kb free=236841Kb
 bounds [0x0000000003100000, 0x00000000039d0000, 0x0000000012100000]
 total_blobs=2062 nmethods=1797 adapters=178
 compilation: enabled

Compilation events (10 events):
Event: 8.808 Thread 0x0000000017c29000 nmethod 1797 0x0000000003933250 code [0x00000000039333a0, 0x0000000003933428]
Event: 8.808 Thread 0x0000000017c29000 1784       4       java.util.TreeMap$ValueIterator::next (8 bytes)
Event: 8.810 Thread 0x0000000017c29000 nmethod 1784 0x0000000003984a90 code [0x0000000003984be0, 0x0000000003984d18]
Event: 8.814 Thread 0x0000000017c29000 1800       4       com.android.dx.ssa.back.FirstFitLocalCombiningAllocator::tryMapRegs (110 bytes)
Event: 8.831 Thread 0x0000000017c36000 1801   !   3       com.android.dx.cf.cst.ConstantPoolParser::determineOffsets (285 bytes)
Event: 8.832 Thread 0x0000000017c36000 nmethod 1801 0x00000000039b4050 code [0x00000000039b43e0, 0x00000000039b5ed8]
Event: 8.833 Thread 0x0000000017c36000 1802       3       com.android.dx.cf.cst.ConstantPoolParser::parse (365 bytes)
Event: 8.836 Thread 0x0000000017c36000 nmethod 1802 0x00000000039bb690 code [0x00000000039bbc00, 0x00000000039bf108]
Event: 8.836 Thread 0x0000000017c36000 1803       3       com.android.dx.rop.annotation.NameValuePair::<init> (43 bytes)
Event: 8.837 Thread 0x0000000017c36000 nmethod 1803 0x000000000398aad0 code [0x000000000398ac60, 0x000000000398b018]

GC Heap History (4 events):
Event: 3.670 GC heap before
{Heap before GC invocations=1 (full 0):
 PSYoungGen      total 38400K, used 33280K [0x00000000eab00000, 0x00000000ed580000, 0x0000000100000000)
  eden space 33280K, 100% used [0x00000000eab00000,0x00000000ecb80000,0x00000000ecb80000)
  from space 5120K, 0% used [0x00000000ed080000,0x00000000ed080000,0x00000000ed580000)
  to   space 5120K, 0% used [0x00000000ecb80000,0x00000000ecb80000,0x00000000ed080000)
 ParOldGen       total 87552K, used 0K [0x00000000c0000000, 0x00000000c5580000, 0x00000000eab00000)
  object space 87552K, 0% used [0x00000000c0000000,0x00000000c0000000,0x00000000c5580000)
 Metaspace       used 5747K, capacity 6960K, committed 7040K, reserved 1056768K
  class space    used 564K, capacity 616K, committed 640K, reserved 1048576K
Event: 3.915 GC heap after
Heap after GC invocations=1 (full 0):
 PSYoungGen      total 38400K, used 5102K [0x00000000eab00000, 0x00000000ef600000, 0x0000000100000000)
  eden space 33280K, 0% used [0x00000000eab00000,0x00000000eab00000,0x00000000ecb80000)
  from space 5120K, 99% used [0x00000000ecb80000,0x00000000ed07bae8,0x00000000ed080000)
  to   space 5120K, 0% used [0x00000000ef100000,0x00000000ef100000,0x00000000ef600000)
 ParOldGen       total 87552K, used 1843K [0x00000000c0000000, 0x00000000c5580000, 0x00000000eab00000)
  object space 87552K, 2% used [0x00000000c0000000,0x00000000c01cccf0,0x00000000c5580000)
 Metaspace       used 5747K, capacity 6960K, committed 7040K, reserved 1056768K
  class space    used 564K, capacity 616K, committed 640K, reserved 1048576K
}
Event: 6.881 GC heap before
{Heap before GC invocations=2 (full 0):
 PSYoungGen      total 38400K, used 38382K [0x00000000eab00000, 0x00000000ef600000, 0x0000000100000000)
  eden space 33280K, 100% used [0x00000000eab00000,0x00000000ecb80000,0x00000000ecb80000)
  from space 5120K, 99% used [0x00000000ecb80000,0x00000000ed07bae8,0x00000000ed080000)
  to   space 5120K, 0% used [0x00000000ef100000,0x00000000ef100000,0x00000000ef600000)
 ParOldGen       total 87552K, used 1843K [0x00000000c0000000, 0x00000000c5580000, 0x00000000eab00000)
  object space 87552K, 2% used [0x00000000c0000000,0x00000000c01cccf0,0x00000000c5580000)
 Metaspace       used 5858K, capacity 7024K, committed 7296K, reserved 1056768K
  class space    used 566K, capacity 616K, committed 640K, reserved 1048576K
Event: 7.257 GC heap after
Heap after GC invocations=2 (full 0):
 PSYoungGen      total 71680K, used 5095K [0x00000000eab00000, 0x00000000ef600000, 0x0000000100000000)
  eden space 66560K, 0% used [0x00000000eab00000,0x00000000eab00000,0x00000000eec00000)
  from space 5120K, 99% used [0x00000000ef100000,0x00000000ef5f9c88,0x00000000ef600000)
  to   space 5120K, 0% used [0x00000000eec00000,0x00000000eec00000,0x00000000ef100000)
 ParOldGen       total 87552K, used 6287K [0x00000000c0000000, 0x00000000c5580000, 0x00000000eab00000)
  object space 87552K, 7% used [0x00000000c0000000,0x00000000c0623da0,0x00000000c5580000)
 Metaspace       used 5858K, capacity 7024K, committed 7296K, reserved 1056768K
  class space    used 566K, capacity 616K, committed 640K, reserved 1048576K
}

Deoptimization events (10 events):
Event: 8.056 Thread 0x0000000002d8e000 Uncommon trap: reason=unstable_if action=reinterpret pc=0x00000000038e51c4 method=com.android.dx.rop.code.DexTranslationAdvice.hasConstantOperation(Lcom/android/dx/rop/code/Rop;Lcom/android/dx/rop/code/RegisterSpec;Lcom/android/dx/rop/code/RegisterSpec;)Z 
Event: 8.057 Thread 0x0000000002d8e000 Uncommon trap: reason=unstable_if action=reinterpret pc=0x00000000035a106c method=java.util.HashMap.putVal(ILjava/lang/Object;Ljava/lang/Object;ZZ)Ljava/lang/Object; @ 109
Event: 8.243 Thread 0x0000000002d8e000 Uncommon trap: reason=unstable_if action=reinterpret pc=0x00000000035a6578 method=java.util.HashMap.putVal(ILjava/lang/Object;Ljava/lang/Object;ZZ)Ljava/lang/Object; @ 109
Event: 8.271 Thread 0x0000000002d8e000 Uncommon trap: reason=unstable_if action=reinterpret pc=0x00000000036afd18 method=java.util.HashMap.resize()[Ljava/util/HashMap$Node; @ 206
Event: 8.405 Thread 0x0000000002d8e000 Uncommon trap: reason=bimorphic action=maybe_recompile pc=0x00000000038d1f04 method=com.android.dx.ssa.LiteralOpUpgrader.tryReplacingWithConstant(Lcom/android/dx/ssa/NormalSsaInsn;)Z @ 52
Event: 8.405 Thread 0x0000000002d8e000 Uncommon trap: reason=bimorphic action=maybe_recompile pc=0x00000000038d1f04 method=com.android.dx.ssa.LiteralOpUpgrader.tryReplacingWithConstant(Lcom/android/dx/ssa/NormalSsaInsn;)Z @ 52
Event: 8.405 Thread 0x0000000002d8e000 Uncommon trap: reason=bimorphic action=maybe_recompile pc=0x00000000038d1f04 method=com.android.dx.ssa.LiteralOpUpgrader.tryReplacingWithConstant(Lcom/android/dx/ssa/NormalSsaInsn;)Z @ 52
Event: 8.736 Thread 0x0000000002d8e000 Uncommon trap: reason=bimorphic action=maybe_recompile pc=0x00000000038d1f04 method=com.android.dx.ssa.LiteralOpUpgrader.tryReplacingWithConstant(Lcom/android/dx/ssa/NormalSsaInsn;)Z @ 52
Event: 8.758 Thread 0x0000000002d8e000 Uncommon trap: reason=unstable_if action=reinterpret pc=0x00000000038fb980 method=com.android.dx.cf.code.LocalVariableList$Item.matchesPcAndIndex(II)Z @ 13
Event: 8.759 Thread 0x0000000002d8e000 Uncommon trap: reason=unstable_if action=reinterpret pc=0x000000000365e57c method=com.android.dx.cf.code.LocalVariableList$Item.matchesPcAndIndex(II)Z @ 13

Internal exceptions (6 events):
Event: 0.036 Thread 0x0000000002d8e000 Exception <a 'java/lang/NoSuchMethodError': Method sun.misc.Unsafe.defineClass(Ljava/lang/String;[BII)Ljava/lang/Class; name or signature does not match> (0x00000000eab0d930) thrown at [C:\re\workspace\8-2-build-windows-amd64-cygwin\jdk8u60\4407\hotspot\srQzﬁΩÈ±¢?
Event: 0.037 Thread 0x0000000002d8e000 Exception <a 'java/lang/NoSuchMethodError': Method sun.misc.Unsafe.prefetchRead(Ljava/lang/Object;J)V name or signature does not match> (0x00000000eab0dc18) thrown at [C:\re\workspace\8-2-build-windows-amd64-cygwin\jdk8u60\4407\hotspot\src\share\vm\prims\j^NéÄ…@
Event: 4.697 Thread 0x0000000002d8e000 Implicit null exception at 0x00000000035632a2 to 0x0000000003563392
Event: 8.048 Thread 0x0000000002d8e000 Exception <a 'java/lang/ArrayIndexOutOfBoundsException': 18> (0x00000000ec64e4f0) thrown at [C:\re\workspace\8-2-build-windows-amd64-cygwin\jdk8u60\4407\hotspot\src\share\vm\interpreter\interpreterRuntime.cpp, line 366]
Event: 8.048 Thread 0x0000000002d8e000 Exception <a 'java/lang/ArrayIndexOutOfBoundsException'> (0x00000000ec650070) thrown at [C:\re\workspace\8-2-build-windows-amd64-cygwin\jdk8u60\4407\hotspot\src\share\vm\runtime\sharedRuntime.cpp, line 605]
Event: 8.049 Thread 0x0000000002d8e000 Exception <a 'java/lang/ArrayIndexOutOfBoundsException'> (0x00000000ec651358) thrown at [C:\re\workspace\8-2-build-windows-amd64-cygwin\jdk8u60\4407\hotspot\src\share\vm\runtime\sharedRuntime.cpp, line 605]

Events (10 events):
Event: 8.405 Thread 0x0000000002d8e000 DEOPT UNPACKING pc=0x000000000314582a sp=0x0000000002ffe870 mode 2
Event: 8.736 Thread 0x0000000002d8e000 Uncommon trap: trap_request=0xffffffc6 fr.pc=0x00000000038d1f04
Event: 8.736 Thread 0x0000000002d8e000 DEOPT PACKING pc=0x00000000038d1f04 sp=0x0000000002ffe8d0
Event: 8.736 Thread 0x0000000002d8e000 DEOPT UNPACKING pc=0x000000000314582a sp=0x0000000002ffe870 mode 2
Event: 8.758 Thread 0x0000000002d8e000 Uncommon trap: trap_request=0xffffff65 fr.pc=0x00000000038fb980
Event: 8.758 Thread 0x0000000002d8e000 DEOPT PACKING pc=0x00000000038fb980 sp=0x0000000002ffe920
Event: 8.758 Thread 0x0000000002d8e000 DEOPT UNPACKING pc=0x000000000314582a sp=0x0000000002ffe7e0 mode 2
Event: 8.759 Thread 0x0000000002d8e000 Uncommon trap: trap_request=0xffffff65 fr.pc=0x000000000365e57c
Event: 8.759 Thread 0x0000000002d8e000 DEOPT PACKING pc=0x000000000365e57c sp=0x0000000002ffe890
Event: 8.759 Thread 0x0000000002d8e000 DEOPT UNPACKING pc=0x000000000314582a sp=0x0000000002ffe7d0 mode 2


Dynamic libraries:
0x00007ff73bcd0000 - 0x00007ff73bd07000 	C:\Program Files\Java\jdk1.8.0_60\bin\java.exe
0x00007ffec7e50000 - 0x00007ffec8011000 	C:\WINDOWS\SYSTEM32\ntdll.dll
0x00007ffec5520000 - 0x00007ffec55cd000 	C:\WINDOWS\system32\KERNEL32.DLL
0x00007ffec5340000 - 0x00007ffec551d000 	C:\WINDOWS\system32\KERNELBASE.dll
0x00007ffec59b0000 - 0x00007ffec5a56000 	C:\WINDOWS\system32\ADVAPI32.dll
0x00007ffec5850000 - 0x00007ffec58ed000 	C:\WINDOWS\system32\msvcrt.dll
0x00007ffec5950000 - 0x00007ffec59ab000 	C:\WINDOWS\system32\sechost.dll
0x00007ffec7ae0000 - 0x00007ffec7c06000 	C:\WINDOWS\system32\RPCRT4.dll
0x00007ffec5630000 - 0x00007ffec577e000 	C:\WINDOWS\system32\USER32.dll
0x00007ffec5e80000 - 0x00007ffec6006000 	C:\WINDOWS\system32\GDI32.dll
0x00007ffebca80000 - 0x00007ffebccf4000 	C:\WINDOWS\WinSxS\amd64_microsoft.windows.common-controls_6595b64144ccf1df_6.0.10240.16384_none_f41f7b285750ef43\COMCTL32.dll
0x00007ffec7c10000 - 0x00007ffec7c46000 	C:\WINDOWS\system32\IMM32.DLL
0x00007ffec5d00000 - 0x00007ffec5e5c000 	C:\WINDOWS\system32\MSCTF.dll
0x0000000056a60000 - 0x0000000056b32000 	C:\Program Files\Java\jdk1.8.0_60\jre\bin\msvcr100.dll
0x00000000580e0000 - 0x0000000058969000 	C:\Program Files\Java\jdk1.8.0_60\jre\bin\server\jvm.dll
0x00007ffec5c10000 - 0x00007ffec5c18000 	C:\WINDOWS\system32\PSAPI.DLL
0x00007ffeb9680000 - 0x00007ffeb9689000 	C:\WINDOWS\SYSTEM32\WSOCK32.dll
0x00007ffec2f00000 - 0x00007ffec2f23000 	C:\WINDOWS\SYSTEM32\WINMM.dll
0x00007ffec1250000 - 0x00007ffec125a000 	C:\WINDOWS\SYSTEM32\VERSION.dll
0x00007ffec6540000 - 0x00007ffec65a9000 	C:\WINDOWS\system32\WS2_32.dll
0x00007ffec2ea0000 - 0x00007ffec2ecc000 	C:\WINDOWS\SYSTEM32\WINMMBASE.dll
0x00007ffec5840000 - 0x00007ffec5848000 	C:\WINDOWS\system32\NSI.dll
0x00007ffec4cc0000 - 0x00007ffec4d04000 	C:\WINDOWS\system32\cfgmgr32.dll
0x00007ffec3150000 - 0x00007ffec3177000 	C:\WINDOWS\SYSTEM32\DEVOBJ.dll
0x000000005b380000 - 0x000000005b38f000 	C:\Program Files\Java\jdk1.8.0_60\jre\bin\verify.dll
0x00000000580b0000 - 0x00000000580d9000 	C:\Program Files\Java\jdk1.8.0_60\jre\bin\java.dll
0x000000005b360000 - 0x000000005b376000 	C:\Program Files\Java\jdk1.8.0_60\jre\bin\zip.dll
0x00007ffec65b0000 - 0x00007ffec7ad2000 	C:\WINDOWS\system32\SHELL32.dll
0x00007ffec4d10000 - 0x00007ffec5338000 	C:\WINDOWS\system32\windows.storage.dll
0x00007ffec6010000 - 0x00007ffec628c000 	C:\WINDOWS\system32\combase.dll
0x00007ffec58f0000 - 0x00007ffec5941000 	C:\WINDOWS\system32\shlwapi.dll
0x00007ffec48a0000 - 0x00007ffec48af000 	C:\WINDOWS\system32\kernel.appcore.dll
0x00007ffec4b50000 - 0x00007ffec4c03000 	C:\WINDOWS\system32\shcore.dll
0x00007ffec48d0000 - 0x00007ffec491a000 	C:\WINDOWS\system32\powrprof.dll
0x00007ffec4880000 - 0x00007ffec4893000 	C:\WINDOWS\system32\profapi.dll

VM Arguments:
jvm_args: -Xmx1024M -Dfile.encoding=windows-1252 -Duser.country=US -Duser.language=en -Duser.variant 
java_command: com.android.dx.command.Main --dex --output C:\Users\Eric\AndroidStudioProjects\Sizzle\app\build\intermediates\pre-dexed\debug\classes-69ddbeea969a3218cb87e0c235e2eb5ce82616e6.jar C:\Users\Eric\AndroidStudioProjects\Sizzle\app\build\intermediates\exploded-aar\com.android.support\appcompat-v7\23.1.0\jars\classes.jar
java_class_path (initial): E:\Android\sdk1\build-tools\22.0.1\lib\dx.jar
Launcher Type: SUN_STANDARD

Environment Variables:
JAVA_HOME=C:\Program Files\Java\jdk1.8.0_60\
CLASSPATH=.;C:\Program Files (x86)\Java\jre7\lib\ext\QTJava.zip
PATH=C:\ProgramData\Oracle\Java\javapath;C:\Program Files (x86)\iis express\PHP\v5.4;C:\Windows\system32;C:\Windows;C:\Windows\System32\Wbem;C:\Windows\System32\WindowsPowerShell\v1.0\;C:\Program Files (x86)\ATI Technologies\ATI.ACE\Core-Static;C:\Program Files (x86)\QuickTime\QTSystem\;C:\Program Files (x86)\Windows Live\Shared;C:\Program Files\Java\jdk1.8.0_05\bin;C:\Program Files\MySQL\MySQL Server 5.1\bin;C:\Program Files (x86)\AMD\ATI.ACE\Core-Static;C:\Program Files (x86)\Windows Kits\8.1\Windows Performance Toolkit\;C:\Program Files\Microsoft SQL Server\110\Tools\Binn\;C:\Program Files (x86)\Microsoft SDKs\TypeScript\1.0\;C:\Program Files\Microsoft SQL Server\120\Tools\Binn\;E:\Program Files (x86)\Brackets\command;C:\Program Files (x86)\Microsoft SQL Server\100\Tools\Binn\;C:\Program Files\Microsoft SQL Server\100\Tools\Binn\;C:\Program Files\Microsoft SQL Server\100\DTS\Binn\;E:\Program Files\WorldPainter;E:\Program Files\AMD\ATI.ACE\Core-Static;C:\WINDOWS\system32;C:\WINDOWS;C:\WINDOWS\System32\Wbem;C:\WINDOWS\System32\WindowsPowerShell\v1.0\;C:\Program Files (x86)\GtkSharp\2.12\bin;C:\Program Files\TortoiseSVN\bin;C:\Program Files (x86)\Skype\Phone\;C:\Program Files\Java\jre1.8.0_60\bin
USERNAME=Eric
OS=Windows_NT
PROCESSOR_IDENTIFIER=Intel64 Family 6 Model 58 Stepping 9, GenuineIntel



---------------  S Y S T E M  ---------------

OS: Windows 10.0 , 64 bit Build 10240 (10.0.10240.16384)

CPU:total 8 (4 cores per cpu, 2 threads per core) family 6 model 58 stepping 9, cmov, cx8, fxsr, mmx, sse, sse2, sse3, ssse3, sse4.1, sse4.2, popcnt, avx, aes, clmul, erms, ht, tsc, tscinvbit, tscinv

Memory: 4k page, physical 8332360k(1247632k free), swap 11538044k(8104k free)

vm_info: Java HotSpot(TM) 64-Bit Server VM (25.60-b23) for windows-amd64 JRE (1.8.0_60-b27), built on Aug  4 2015 11:06:27 by "java_re" with MS VC++ 10.0 (VS2010)

time: Tue Nov 10 22:25:23 2015
elapsed time: 8 seconds (0d 0h 0m 8s)

